Traceback (most recent call last):
  File "ClassArduino.py", line 247, in run
  File "pyduinocli\commands\compile.py", line 143, in __call__
  File "pyduinocli\commands\base.py", line 42, in _exec
pyduinocli.errors.arduinoerror.ArduinoError: {'__stdout': '{\n  "compiler_out": "",\n  "compiler_err": "C:\\\\Users\\\\danie\\\\OneDrive\\\\햞ea de Trabalho\\\\myiot-offlinepackage\\\\Files\\\\Arquivos\\\\SucuriFiles\\\\COMPILER\\\\LastCode\\\\LastCode.ino:8:14: error: stray \'@\' in program\\r\\nC:\\\\Users\\\\danie\\\\OneDrive\\\\햞ea de Trabalho\\\\myiot-offlinepackage\\\\Files\\\\Arquivos\\\\SucuriFiles\\\\COMPILER\\\\LastCode\\\\LastCode.ino:8:16: error: stray \'$\' in program\\r\\nC:\\\\Users\\\\danie\\\\OneDrive\\\\햞ea de Trabalho\\\\myiot-offlinepackage\\\\Files\\\\Arquivos\\\\SucuriFiles\\\\COMPILER\\\\LastCode\\\\LastCode.ino:8:17: error: stray \'$\' in program\\r\\nC:\\\\Users\\\\danie\\\\OneDrive\\\\햞ea de Trabalho\\\\myiot-offlinepackage\\\\Files\\\\Arquivos\\\\SucuriFiles\\\\COMPILER\\\\LastCode\\\\LastCode.ino: In function \'void loop()\':\\r\\nC:\\\\Users\\\\danie\\\\OneDrive\\\\햞ea de Trabalho\\\\myiot-offlinepackage\\\\Files\\\\Arquivos\\\\SucuriFiles\\\\COMPILER\\\\LastCode\\\\LastCode.ino:8:8: error: expected primary-expression before \'=\' token\\r\\nC:\\\\Users\\\\danie\\\\OneDrive\\\\햞ea de Trabalho\\\\myiot-offlinepackage\\\\Files\\\\Arquivos\\\\SucuriFiles\\\\COMPILER\\\\LastCode\\\\LastCode.ino:8:10: error: \'A\' was not declared in this scope\\r\\nC:\\\\Users\\\\danie\\\\OneDrive\\\\햞ea de Trabalho\\\\myiot-offlinepackage\\\\Files\\\\Arquivos\\\\SucuriFiles\\\\COMPILER\\\\LastCode\\\\LastCode.ino:8:10: note: suggested alternative: \'A7\'\\r\\nC:\\\\Users\\\\danie\\\\OneDrive\\\\햞ea de Trabalho\\\\myiot-offlinepackage\\\\Files\\\\Arquivos\\\\SucuriFiles\\\\COMPILER\\\\LastCode\\\\LastCode.ino:8:12: error: \'_\' was not declared in this scope\\r\\nC:\\\\Users\\\\danie\\\\OneDrive\\\\햞ea de Trabalho\\\\myiot-offlinepackage\\\\Files\\\\Arquivos\\\\SucuriFiles\\\\COMPILER\\\\LastCode\\\\LastCode.ino:8:15: error: expected primary-expression before \'%\' token\\r\\nC:\\\\Users\\\\danie\\\\OneDrive\\\\햞ea de Trabalho\\\\myiot-offlinepackage\\\\Files\\\\Arquivos\\\\SucuriFiles\\\\COMPILER\\\\LastCode\\\\LastCode.ino:8:20: error: \'oba\' was not declared in this scope\\r\\n\\n",\n  "builder_result": {\n    "build_path": "C:\\\\Users\\\\danie\\\\AppData\\\\Local\\\\Temp\\\\arduino-sketch-DABADF0B9A0B0772ED11121A7A0E7F88",\n    "board_platform": {\n      "id": "arduino:avr",\n      "version": "1.8.6"\n    },\n    "build_platform": {\n      "id": "arduino:avr",\n      "version": "1.8.6"\n    }\n  },\n  "success": false\n}', '__stderr': 'Error during build: exit status 1', 'result': {'compiler_out': '', 'compiler_err': "C:\\Users\\danie\\OneDrive\\햞ea de Trabalho\\myiot-offlinepackage\\Files\\Arquivos\\SucuriFiles\\COMPILER\\LastCode\\LastCode.ino:8:14: error: stray '@' in program\r\nC:\\Users\\danie\\OneDrive\\햞ea de Trabalho\\myiot-offlinepackage\\Files\\Arquivos\\SucuriFiles\\COMPILER\\LastCode\\LastCode.ino:8:16: error: stray '$' in program\r\nC:\\Users\\danie\\OneDrive\\햞ea de Trabalho\\myiot-offlinepackage\\Files\\Arquivos\\SucuriFiles\\COMPILER\\LastCode\\LastCode.ino:8:17: error: stray '$' in program\r\nC:\\Users\\danie\\OneDrive\\햞ea de Trabalho\\myiot-offlinepackage\\Files\\Arquivos\\SucuriFiles\\COMPILER\\LastCode\\LastCode.ino: In function 'void loop()':\r\nC:\\Users\\danie\\OneDrive\\햞ea de Trabalho\\myiot-offlinepackage\\Files\\Arquivos\\SucuriFiles\\COMPILER\\LastCode\\LastCode.ino:8:8: error: expected primary-expression before '=' token\r\nC:\\Users\\danie\\OneDrive\\햞ea de Trabalho\\myiot-offlinepackage\\Files\\Arquivos\\SucuriFiles\\COMPILER\\LastCode\\LastCode.ino:8:10: error: 'A' was not declared in this scope\r\nC:\\Users\\danie\\OneDrive\\햞ea de Trabalho\\myiot-offlinepackage\\Files\\Arquivos\\SucuriFiles\\COMPILER\\LastCode\\LastCode.ino:8:10: note: suggested alternative: 'A7'\r\nC:\\Users\\danie\\OneDrive\\햞ea de Trabalho\\myiot-offlinepackage\\Files\\Arquivos\\SucuriFiles\\COMPILER\\LastCode\\LastCode.ino:8:12: error: '_' was not declared in this scope\r\nC:\\Users\\danie\\OneDrive\\햞ea de Trabalho\\myiot-offlinepackage\\Files\\Arquivos\\SucuriFiles\\COMPILER\\LastCode\\LastCode.ino:8:15: error: expected primary-expression before '%' token\r\nC:\\Users\\danie\\OneDrive\\햞ea de Trabalho\\myiot-offlinepackage\\Files\\Arquivos\\SucuriFiles\\COMPILER\\LastCode\\LastCode.ino:8:20: error: 'oba' was not declared in this scope\r\n\n", 'builder_result': {'build_path': 'C:\\Users\\danie\\AppData\\Local\\Temp\\arduino-sketch-DABADF0B9A0B0772ED11121A7A0E7F88', 'board_platform': {'id': 'arduino:avr', 'version': '1.8.6'}, 'build_platform': {'id': 'arduino:avr', 'version': '1.8.6'}}, 'success': False}}
error arduino programming{'__stdout': '{\n  "compiler_out": "",\n  "compiler_err": "C:\\\\Users\\\\danie\\\\OneDrive\\\\햞ea de Trabalho\\\\myiot-offlinepackage\\\\Files\\\\Arquivos\\\\SucuriFiles\\\\COMPILER\\\\LastCode\\\\LastCode.ino:8:14: error: stray \'@\' in program\\r\\nC:\\\\Users\\\\danie\\\\OneDrive\\\\햞ea de Trabalho\\\\myiot-offlinepackage\\\\Files\\\\Arquivos\\\\SucuriFiles\\\\COMPILER\\\\LastCode\\\\LastCode.ino:8:16: error: stray \'$\' in program\\r\\nC:\\\\Users\\\\danie\\\\OneDrive\\\\햞ea de Trabalho\\\\myiot-offlinepackage\\\\Files\\\\Arquivos\\\\SucuriFiles\\\\COMPILER\\\\LastCode\\\\LastCode.ino:8:17: error: stray \'$\' in program\\r\\nC:\\\\Users\\\\danie\\\\OneDrive\\\\햞ea de Trabalho\\\\myiot-offlinepackage\\\\Files\\\\Arquivos\\\\SucuriFiles\\\\COMPILER\\\\LastCode\\\\LastCode.ino: In function \'void loop()\':\\r\\nC:\\\\Users\\\\danie\\\\OneDrive\\\\햞ea de Trabalho\\\\myiot-offlinepackage\\\\Files\\\\Arquivos\\\\SucuriFiles\\\\COMPILER\\\\LastCode\\\\LastCode.ino:8:8: error: expected primary-expression before \'=\' token\\r\\nC:\\\\Users\\\\danie\\\\OneDrive\\\\햞ea de Trabalho\\\\myiot-offlinepackage\\\\Files\\\\Arquivos\\\\SucuriFiles\\\\COMPILER\\\\LastCode\\\\LastCode.ino:8:10: error: \'A\' was not declared in this scope\\r\\nC:\\\\Users\\\\danie\\\\OneDrive\\\\햞ea de Trabalho\\\\myiot-offlinepackage\\\\Files\\\\Arquivos\\\\SucuriFiles\\\\COMPILER\\\\LastCode\\\\LastCode.ino:8:10: note: suggested alternative: \'A7\'\\r\\nC:\\\\Users\\\\danie\\\\OneDrive\\\\햞ea de Trabalho\\\\myiot-offlinepackage\\\\Files\\\\Arquivos\\\\SucuriFiles\\\\COMPILER\\\\LastCode\\\\LastCode.ino:8:12: error: \'_\' was not declared in this scope\\r\\nC:\\\\Users\\\\danie\\\\OneDrive\\\\햞ea de Trabalho\\\\myiot-offlinepackage\\\\Files\\\\Arquivos\\\\SucuriFiles\\\\COMPILER\\\\LastCode\\\\LastCode.ino:8:15: error: expected primary-expression before \'%\' token\\r\\nC:\\\\Users\\\\danie\\\\OneDrive\\\\햞ea de Trabalho\\\\myiot-offlinepackage\\\\Files\\\\Arquivos\\\\SucuriFiles\\\\COMPILER\\\\LastCode\\\\LastCode.ino:8:20: error: \'oba\' was not declared in this scope\\r\\n\\n",\n  "builder_result": {\n    "build_path": "C:\\\\Users\\\\danie\\\\AppData\\\\Local\\\\Temp\\\\arduino-sketch-DABADF0B9A0B0772ED11121A7A0E7F88",\n    "board_platform": {\n      "id": "arduino:avr",\n      "version": "1.8.6"\n    },\n    "build_platform": {\n      "id": "arduino:avr",\n      "version": "1.8.6"\n    }\n  },\n  "success": false\n}', '__stderr': 'Error during build: exit status 1', 'result': {'compiler_out': '', 'compiler_err': "C:\\Users\\danie\\OneDrive\\햞ea de Trabalho\\myiot-offlinepackage\\Files\\Arquivos\\SucuriFiles\\COMPILER\\LastCode\\LastCode.ino:8:14: error: stray '@' in program\r\nC:\\Users\\danie\\OneDrive\\햞ea de Trabalho\\myiot-offlinepackage\\Files\\Arquivos\\SucuriFiles\\COMPILER\\LastCode\\LastCode.ino:8:16: error: stray '$' in program\r\nC:\\Users\\danie\\OneDrive\\햞ea de Trabalho\\myiot-offlinepackage\\Files\\Arquivos\\SucuriFiles\\COMPILER\\LastCode\\LastCode.ino:8:17: error: stray '$' in program\r\nC:\\Users\\danie\\OneDrive\\햞ea de Trabalho\\myiot-offlinepackage\\Files\\Arquivos\\SucuriFiles\\COMPILER\\LastCode\\LastCode.ino: In function 'void loop()':\r\nC:\\Users\\danie\\OneDrive\\햞ea de Trabalho\\myiot-offlinepackage\\Files\\Arquivos\\SucuriFiles\\COMPILER\\LastCode\\LastCode.ino:8:8: error: expected primary-expression before '=' token\r\nC:\\Users\\danie\\OneDrive\\햞ea de Trabalho\\myiot-offlinepackage\\Files\\Arquivos\\SucuriFiles\\COMPILER\\LastCode\\LastCode.ino:8:10: error: 'A' was not declared in this scope\r\nC:\\Users\\danie\\OneDrive\\햞ea de Trabalho\\myiot-offlinepackage\\Files\\Arquivos\\SucuriFiles\\COMPILER\\LastCode\\LastCode.ino:8:10: note: suggested alternative: 'A7'\r\nC:\\Users\\danie\\OneDrive\\햞ea de Trabalho\\myiot-offlinepackage\\Files\\Arquivos\\SucuriFiles\\COMPILER\\LastCode\\LastCode.ino:8:12: error: '_' was not declared in this scope\r\nC:\\Users\\danie\\OneDrive\\햞ea de Trabalho\\myiot-offlinepackage\\Files\\Arquivos\\SucuriFiles\\COMPILER\\LastCode\\LastCode.ino:8:15: error: expected primary-expression before '%' token\r\nC:\\Users\\danie\\OneDrive\\햞ea de Trabalho\\myiot-offlinepackage\\Files\\Arquivos\\SucuriFiles\\COMPILER\\LastCode\\LastCode.ino:8:20: error: 'oba' was not declared in this scope\r\n\n", 'builder_result': {'build_path': 'C:\\Users\\danie\\AppData\\Local\\Temp\\arduino-sketch-DABADF0B9A0B0772ED11121A7A0E7F88', 'board_platform': {'id': 'arduino:avr', 'version': '1.8.6'}, 'build_platform': {'id': 'arduino:avr', 'version': '1.8.6'}}, 'success': False}}
